<!DOCTYPE html PUBLIC "-//W3C//DTD XHTML 1.1//EN" "http://www.w3.org/TR/xhtml11/DTD/xhtml11.dtd">
<html xmlns="http://www.w3.org/1999/xhtml"><head><title>TestNG Report</title><style type="text/css">table {margin-bottom:10px;border-collapse:collapse;empty-cells:show}th,td {border:1px solid #009;padding:.25em .5em}th {vertical-align:bottom}td {vertical-align:top}table a {font-weight:bold}.stripe td {background-color: #E6EBF9}.num {text-align:right}.passedodd td {background-color: #3F3}.passedeven td {background-color: #0A0}.skippedodd td {background-color: #DDD}.skippedeven td {background-color: #CCC}.failedodd td,.attn {background-color: #F33}.failedeven td,.stripe .attn {background-color: #D00}.stacktrace {white-space:pre;font-family:monospace}.totop {font-size:85%;text-align:center;border-bottom:2px solid #000}</style></head><body><table><tr><th>Test</th><th># Passed</th><th># Skipped</th><th># Failed</th><th>Time (ms)</th><th>Included Groups</th><th>Excluded Groups</th></tr><tr><th colspan="7">Default suite</th></tr><tr><td><a href="#t0">Default test</a></td><td class="num">0</td><td class="num">0</td><td class="num attn">3</td><td class="num">63,771</td><td></td><td></td></tr></table><table><thead><tr><th>Class</th><th>Method</th><th>Start</th><th>Time (ms)</th></tr></thead><tbody><tr><th colspan="4">Default suite</th></tr></tbody><tbody id="t0"><tr><th colspan="4">Default test &#8212; failed</th></tr><tr class="failedeven"><td rowspan="3">runnable.CodeRunnar</td><td><a href="#m0">runScenario</a></td><td rowspan="3">1546759406838</td><td rowspan="3">13367</td></tr><tr class="failedeven"><td><a href="#m1">runScenario</a></td></tr><tr class="failedeven"><td><a href="#m2">runScenario</a></td></tr></tbody></table><h2>Default test</h2><h3 id="m0">runnable.CodeRunnar#runScenario</h3><table class="result"><tr class="param"><th>Parameter #1</th><th>Parameter #2</th></tr><tr class="param stripe"><td>&quot;CreateLead on Leaftaps (Positive Case)&quot;</td><td>&quot;CreateLead on Leaftaps&quot;</td></tr><tr><th colspan="2">Messages</th></tr><tr><td colspan="2"><div class="messages">&lt;div &quot;result&quot;&gt;Load the URL (PASSED : 5s)&lt;/div&gt;<br/>&lt;div &quot;result&quot;&gt;Maximize the window (FAILED : 1s)&lt;/div&gt;<br/>&lt;div &quot;result&quot;&gt;Set the Session Timeout (SKIPPED)&lt;/div&gt;<br/>&lt;div &quot;result&quot;&gt;Enter the userName (SKIPPED)&lt;/div&gt;<br/>&lt;div &quot;result&quot;&gt;Enter the Password (SKIPPED)&lt;/div&gt;<br/>&lt;div &quot;result&quot;&gt;Click on the Login Button (SKIPPED)&lt;/div&gt;<br/>&lt;div &quot;result&quot;&gt;Verify the Success Message (SKIPPED)&lt;/div&gt;<br/>&lt;div &quot;result&quot;&gt;click on the crm&amp;#x2F;sfa link (SKIPPED)&lt;/div&gt;<br/>&lt;div &quot;result&quot;&gt;click create lead (SKIPPED)&lt;/div&gt;<br/>&lt;div &quot;result&quot;&gt;Enter company name as TCS (SKIPPED)&lt;/div&gt;<br/>&lt;div &quot;result&quot;&gt;Enter first name as Bask (SKIPPED)&lt;/div&gt;<br/>&lt;div &quot;result&quot;&gt;Enter Last name as Test (SKIPPED)&lt;/div&gt;<br/>&lt;div &quot;result&quot;&gt;click on the Create Lead (SKIPPED)&lt;/div&gt;<br/>&lt;div &quot;result&quot;&gt;Verify the FirstName in ViewLead page as Sivaram (SKIPPED)&lt;/div&gt;</div></td></tr><tr><th colspan="2">Exception</th></tr><tr><td colspan="2"><div class="stacktrace">org.openqa.selenium.WebDriverException: unknown error: failed to change window state to maximized, current state is normal
  (Session info: chrome=69.0.3497.100)
  (Driver info: chromedriver=2.33.506120 (e3e53437346286c0bc2d2dc9aa4915ba81d9023f),platform=Windows NT 10.0.17134 x86_64) (WARNING: The server did not provide any stacktrace information)
Command duration or timeout: 1.14 seconds
Build info: version: &apos;3.4.0&apos;, revision: &apos;unknown&apos;, time: &apos;unknown&apos;
System info: host: &apos;GENIUS&apos;, ip: &apos;192.168.42.190&apos;, os.name: &apos;Windows 8.1&apos;, os.arch: &apos;x86&apos;, os.version: &apos;6.3&apos;, java.version: &apos;1.8.0&apos;
Driver info: org.openqa.selenium.chrome.ChromeDriver
Capabilities [{applicationCacheEnabled=false, rotatable=false, mobileEmulationEnabled=false, networkConnectionEnabled=false, chrome={chromedriverVersion=2.33.506120 (e3e53437346286c0bc2d2dc9aa4915ba81d9023f), userDataDir=C:\Users\Genius\AppData\Local\Temp\scoped_dir13084_10448}, takesHeapSnapshot=true, pageLoadStrategy=normal, databaseEnabled=false, handlesAlerts=true, hasTouchScreen=false, version=69.0.3497.100, platform=WIN8_1, browserConnectionEnabled=false, nativeEvents=true, acceptSslCerts=true, locationContextEnabled=true, webStorageEnabled=true, browserName=chrome, takesScreenshot=true, javascriptEnabled=true, cssSelectorsEnabled=true, setWindowRect=true, unexpectedAlertBehaviour=}]
Session ID: 29da44185c11b2831aba532d242380db
	at sun.reflect.NativeConstructorAccessorImpl.newInstance0(Native Method)
	at sun.reflect.NativeConstructorAccessorImpl.newInstance(Unknown Source)
	at sun.reflect.DelegatingConstructorAccessorImpl.newInstance(Unknown Source)
	at java.lang.reflect.Constructor.newInstance(Unknown Source)
	at org.openqa.selenium.remote.ErrorHandler.createThrowable(ErrorHandler.java:215)
	at org.openqa.selenium.remote.ErrorHandler.throwIfResponseFailed(ErrorHandler.java:167)
	at org.openqa.selenium.remote.RemoteWebDriver.execute(RemoteWebDriver.java:671)
	at org.openqa.selenium.remote.RemoteWebDriver.execute(RemoteWebDriver.java:694)
	at org.openqa.selenium.remote.RemoteWebDriver$RemoteWebDriverOptions$RemoteWindow.maximize(RemoteWebDriver.java:925)
	at stepDefinitions.LoginPage.maximizeWindow(LoginPage.java:36)
	at ?.Maximize the window(./src/main/java/features/CreateLeadWithSceOutline.feature:6)
</div></td></tr></table><p class="totop"><a href="#summary">back to summary</a></p><h3 id="m1">runnable.CodeRunnar#runScenario</h3><table class="result"><tr class="param"><th>Parameter #1</th><th>Parameter #2</th></tr><tr class="param stripe"><td>&quot;CreateLead on Leaftaps (Positive Case)&quot;</td><td>&quot;CreateLead on Leaftaps&quot;</td></tr><tr><th colspan="2">Messages</th></tr><tr><td colspan="2"><div class="messages">&lt;div &quot;result&quot;&gt;Load the URL (PASSED : 6s)&lt;/div&gt;<br/>&lt;div &quot;result&quot;&gt;Maximize the window (PASSED : 1s)&lt;/div&gt;<br/>&lt;div &quot;result&quot;&gt;Set the Session Timeout (PASSED : 0s)&lt;/div&gt;<br/>&lt;div &quot;result&quot;&gt;Enter the userName (FAILED : 0s)&lt;/div&gt;<br/>&lt;div &quot;result&quot;&gt;Enter the Password (SKIPPED)&lt;/div&gt;<br/>&lt;div &quot;result&quot;&gt;Click on the Login Button (SKIPPED)&lt;/div&gt;<br/>&lt;div &quot;result&quot;&gt;Verify the Success Message (SKIPPED)&lt;/div&gt;<br/>&lt;div &quot;result&quot;&gt;click on the crm&amp;#x2F;sfa link (SKIPPED)&lt;/div&gt;<br/>&lt;div &quot;result&quot;&gt;click create lead (SKIPPED)&lt;/div&gt;<br/>&lt;div &quot;result&quot;&gt;Enter company name as temp (SKIPPED)&lt;/div&gt;<br/>&lt;div &quot;result&quot;&gt;Enter first name as first (SKIPPED)&lt;/div&gt;<br/>&lt;div &quot;result&quot;&gt;Enter Last name as lastName (SKIPPED)&lt;/div&gt;<br/>&lt;div &quot;result&quot;&gt;click on the Create Lead (SKIPPED)&lt;/div&gt;<br/>&lt;div &quot;result&quot;&gt;Verify the FirstName in ViewLead page as Siva (SKIPPED)&lt;/div&gt;</div></td></tr><tr><th colspan="2">Exception</th></tr><tr><td colspan="2"><div class="stacktrace">org.openqa.selenium.WebDriverException: unknown error: call function result missing &apos;value&apos;
  (Session info: chrome=69.0.3497.100)
  (Driver info: chromedriver=2.33.506120 (e3e53437346286c0bc2d2dc9aa4915ba81d9023f),platform=Windows NT 10.0.17134 x86_64) (WARNING: The server did not provide any stacktrace information)
Command duration or timeout: 240 milliseconds
Build info: version: &apos;3.4.0&apos;, revision: &apos;unknown&apos;, time: &apos;unknown&apos;
System info: host: &apos;GENIUS&apos;, ip: &apos;192.168.42.190&apos;, os.name: &apos;Windows 8.1&apos;, os.arch: &apos;x86&apos;, os.version: &apos;6.3&apos;, java.version: &apos;1.8.0&apos;
Driver info: org.openqa.selenium.chrome.ChromeDriver
Capabilities [{applicationCacheEnabled=false, rotatable=false, mobileEmulationEnabled=false, networkConnectionEnabled=false, chrome={chromedriverVersion=2.33.506120 (e3e53437346286c0bc2d2dc9aa4915ba81d9023f), userDataDir=C:\Users\Genius\AppData\Local\Temp\scoped_dir11752_20678}, takesHeapSnapshot=true, pageLoadStrategy=normal, databaseEnabled=false, handlesAlerts=true, hasTouchScreen=false, version=69.0.3497.100, platform=WIN8_1, browserConnectionEnabled=false, nativeEvents=true, acceptSslCerts=true, locationContextEnabled=true, webStorageEnabled=true, browserName=chrome, takesScreenshot=true, javascriptEnabled=true, cssSelectorsEnabled=true, setWindowRect=true, unexpectedAlertBehaviour=}]
Session ID: 9d9f94cb4fc0f03345f6c1ccc9ec14c4
	at sun.reflect.NativeConstructorAccessorImpl.newInstance0(Native Method)
	at sun.reflect.NativeConstructorAccessorImpl.newInstance(Unknown Source)
	at sun.reflect.DelegatingConstructorAccessorImpl.newInstance(Unknown Source)
	at java.lang.reflect.Constructor.newInstance(Unknown Source)
	at org.openqa.selenium.remote.ErrorHandler.createThrowable(ErrorHandler.java:215)
	at org.openqa.selenium.remote.ErrorHandler.throwIfResponseFailed(ErrorHandler.java:167)
	at org.openqa.selenium.remote.RemoteWebDriver.execute(RemoteWebDriver.java:671)
	at org.openqa.selenium.remote.RemoteWebElement.execute(RemoteWebElement.java:272)
	at org.openqa.selenium.remote.RemoteWebElement.sendKeys(RemoteWebElement.java:96)
	at sun.reflect.NativeMethodAccessorImpl.invoke0(Native Method)
	at sun.reflect.NativeMethodAccessorImpl.invoke(Unknown Source)
	at sun.reflect.DelegatingMethodAccessorImpl.invoke(Unknown Source)
	at java.lang.reflect.Method.invoke(Unknown Source)
	at org.openqa.selenium.support.pagefactory.internal.LocatingElementHandler.invoke(LocatingElementHandler.java:51)
	at com.sun.proxy.$Proxy20.sendKeys(Unknown Source)
	at stepDefinitions.LoginPage.enterUserName(LoginPage.java:60)
	at ?.Enter the userName(./src/main/java/features/CreateLeadWithSceOutline.feature:8)
</div></td></tr></table><p class="totop"><a href="#summary">back to summary</a></p><h3 id="m2">runnable.CodeRunnar#runScenario</h3><table class="result"><tr class="param"><th>Parameter #1</th><th>Parameter #2</th></tr><tr class="param stripe"><td>&quot;CreateLead on Leaftaps (Positive Case)&quot;</td><td>&quot;CreateLead on Leaftaps&quot;</td></tr><tr><th colspan="2">Messages</th></tr><tr><td colspan="2"><div class="messages">&lt;div &quot;result&quot;&gt;Load the URL (PASSED : 6s)&lt;/div&gt;<br/>&lt;div &quot;result&quot;&gt;Maximize the window (FAILED : 1s)&lt;/div&gt;<br/>&lt;div &quot;result&quot;&gt;Set the Session Timeout (SKIPPED)&lt;/div&gt;<br/>&lt;div &quot;result&quot;&gt;Enter the userName (SKIPPED)&lt;/div&gt;<br/>&lt;div &quot;result&quot;&gt;Enter the Password (SKIPPED)&lt;/div&gt;<br/>&lt;div &quot;result&quot;&gt;Click on the Login Button (SKIPPED)&lt;/div&gt;<br/>&lt;div &quot;result&quot;&gt;Verify the Success Message (SKIPPED)&lt;/div&gt;<br/>&lt;div &quot;result&quot;&gt;click on the crm&amp;#x2F;sfa link (SKIPPED)&lt;/div&gt;<br/>&lt;div &quot;result&quot;&gt;click create lead (SKIPPED)&lt;/div&gt;<br/>&lt;div &quot;result&quot;&gt;Enter company name as Fiserv (SKIPPED)&lt;/div&gt;<br/>&lt;div &quot;result&quot;&gt;Enter first name as Siva (SKIPPED)&lt;/div&gt;<br/>&lt;div &quot;result&quot;&gt;Enter Last name as Sel (SKIPPED)&lt;/div&gt;<br/>&lt;div &quot;result&quot;&gt;click on the Create Lead (SKIPPED)&lt;/div&gt;<br/>&lt;div &quot;result&quot;&gt;Verify the FirstName in ViewLead page as Sivaram (SKIPPED)&lt;/div&gt;</div></td></tr><tr><th colspan="2">Exception</th></tr><tr><td colspan="2"><div class="stacktrace">org.openqa.selenium.WebDriverException: unknown error: failed to change window state to maximized, current state is normal
  (Session info: chrome=69.0.3497.100)
  (Driver info: chromedriver=2.33.506120 (e3e53437346286c0bc2d2dc9aa4915ba81d9023f),platform=Windows NT 10.0.17134 x86_64) (WARNING: The server did not provide any stacktrace information)
Command duration or timeout: 1.38 seconds
Build info: version: &apos;3.4.0&apos;, revision: &apos;unknown&apos;, time: &apos;unknown&apos;
System info: host: &apos;GENIUS&apos;, ip: &apos;192.168.42.190&apos;, os.name: &apos;Windows 8.1&apos;, os.arch: &apos;x86&apos;, os.version: &apos;6.3&apos;, java.version: &apos;1.8.0&apos;
Driver info: org.openqa.selenium.chrome.ChromeDriver
Capabilities [{applicationCacheEnabled=false, rotatable=false, mobileEmulationEnabled=false, networkConnectionEnabled=false, chrome={chromedriverVersion=2.33.506120 (e3e53437346286c0bc2d2dc9aa4915ba81d9023f), userDataDir=C:\Users\Genius\AppData\Local\Temp\scoped_dir1656_1094}, takesHeapSnapshot=true, pageLoadStrategy=normal, databaseEnabled=false, handlesAlerts=true, hasTouchScreen=false, version=69.0.3497.100, platform=WIN8_1, browserConnectionEnabled=false, nativeEvents=true, acceptSslCerts=true, locationContextEnabled=true, webStorageEnabled=true, browserName=chrome, takesScreenshot=true, javascriptEnabled=true, cssSelectorsEnabled=true, setWindowRect=true, unexpectedAlertBehaviour=}]
Session ID: af8ec92d08197a44286b9ae406e332bc
	at sun.reflect.NativeConstructorAccessorImpl.newInstance0(Native Method)
	at sun.reflect.NativeConstructorAccessorImpl.newInstance(Unknown Source)
	at sun.reflect.DelegatingConstructorAccessorImpl.newInstance(Unknown Source)
	at java.lang.reflect.Constructor.newInstance(Unknown Source)
	at org.openqa.selenium.remote.ErrorHandler.createThrowable(ErrorHandler.java:215)
	at org.openqa.selenium.remote.ErrorHandler.throwIfResponseFailed(ErrorHandler.java:167)
	at org.openqa.selenium.remote.RemoteWebDriver.execute(RemoteWebDriver.java:671)
	at org.openqa.selenium.remote.RemoteWebDriver.execute(RemoteWebDriver.java:694)
	at org.openqa.selenium.remote.RemoteWebDriver$RemoteWebDriverOptions$RemoteWindow.maximize(RemoteWebDriver.java:925)
	at stepDefinitions.LoginPage.maximizeWindow(LoginPage.java:36)
	at ?.Maximize the window(./src/main/java/features/CreateLeadWithSceOutline.feature:6)
</div></td></tr></table><p class="totop"><a href="#summary">back to summary</a></p></body></html>